  Bullet.cpp
  CreateBackground.cpp
C:\Users\cesar\source\repos\CISP400_SFML_Notes\Chapter13\code\CreateBackground.cpp(26,43): warning C4244: 'argument': conversion from 'int' to 'T', possible loss of data
          with
          [
              T=float
          ]
C:\Users\cesar\source\repos\CISP400_SFML_Notes\Chapter13\code\CreateBackground.cpp(26,28): warning C4244: 'argument': conversion from 'int' to 'T', possible loss of data
          with
          [
              T=float
          ]
C:\Users\cesar\source\repos\CISP400_SFML_Notes\Chapter13\code\CreateBackground.cpp(29,57): warning C4244: 'argument': conversion from 'int' to 'T', possible loss of data
          with
          [
              T=float
          ]
C:\Users\cesar\source\repos\CISP400_SFML_Notes\Chapter13\code\CreateBackground.cpp(29,42): warning C4244: 'argument': conversion from 'int' to 'T', possible loss of data
          with
          [
              T=float
          ]
C:\Users\cesar\source\repos\CISP400_SFML_Notes\Chapter13\code\CreateBackground.cpp(33,21): warning C4244: 'argument': conversion from 'int' to 'T', possible loss of data
          with
          [
              T=float
          ]
C:\Users\cesar\source\repos\CISP400_SFML_Notes\Chapter13\code\CreateBackground.cpp(32,42): warning C4244: 'argument': conversion from 'int' to 'T', possible loss of data
          with
          [
              T=float
          ]
C:\Users\cesar\source\repos\CISP400_SFML_Notes\Chapter13\code\CreateBackground.cpp(37,21): warning C4244: 'argument': conversion from 'int' to 'T', possible loss of data
          with
          [
              T=float
          ]
C:\Users\cesar\source\repos\CISP400_SFML_Notes\Chapter13\code\CreateBackground.cpp(36,29): warning C4244: 'argument': conversion from 'int' to 'T', possible loss of data
          with
          [
              T=float
          ]
C:\Users\cesar\source\repos\CISP400_SFML_Notes\Chapter13\code\CreateBackground.cpp(68,35): warning C4244: 'argument': conversion from 'int' to 'T', possible loss of data
          with
          [
              T=float
          ]
C:\Users\cesar\source\repos\CISP400_SFML_Notes\Chapter13\code\CreateBackground.cpp(71,43): warning C4244: 'argument': conversion from 'int' to 'T', possible loss of data
          with
          [
              T=float
          ]
C:\Users\cesar\source\repos\CISP400_SFML_Notes\Chapter13\code\CreateBackground.cpp(74,51): warning C4244: 'argument': conversion from 'int' to 'T', possible loss of data
          with
          [
              T=float
          ]
C:\Users\cesar\source\repos\CISP400_SFML_Notes\Chapter13\code\CreateBackground.cpp(77,43): warning C4244: 'argument': conversion from 'int' to 'T', possible loss of data
          with
          [
              T=float
          ]
  CreateHorde.cpp
C:\Users\cesar\source\repos\CISP400_SFML_Notes\Chapter13\code\CreateHorde.cpp(20,17): warning C4244: '=': conversion from 'int' to 'float', possible loss of data
C:\Users\cesar\source\repos\CISP400_SFML_Notes\Chapter13\code\CreateHorde.cpp(21,33): warning C4244: '=': conversion from 'int' to 'float', possible loss of data
C:\Users\cesar\source\repos\CISP400_SFML_Notes\Chapter13\code\CreateHorde.cpp(25,17): warning C4244: '=': conversion from 'int' to 'float', possible loss of data
C:\Users\cesar\source\repos\CISP400_SFML_Notes\Chapter13\code\CreateHorde.cpp(26,33): warning C4244: '=': conversion from 'int' to 'float', possible loss of data
C:\Users\cesar\source\repos\CISP400_SFML_Notes\Chapter13\code\CreateHorde.cpp(30,33): warning C4244: '=': conversion from 'int' to 'float', possible loss of data
C:\Users\cesar\source\repos\CISP400_SFML_Notes\Chapter13\code\CreateHorde.cpp(31,17): warning C4244: '=': conversion from 'int' to 'float', possible loss of data
C:\Users\cesar\source\repos\CISP400_SFML_Notes\Chapter13\code\CreateHorde.cpp(35,33): warning C4244: '=': conversion from 'int' to 'float', possible loss of data
C:\Users\cesar\source\repos\CISP400_SFML_Notes\Chapter13\code\CreateHorde.cpp(36,17): warning C4244: '=': conversion from 'int' to 'float', possible loss of data
  Pickup.cpp
C:\Users\cesar\source\repos\CISP400_SFML_Notes\Chapter13\code\Pickup.cpp(21,23): warning C4244: '=': conversion from 'const int' to 'float', possible loss of data
C:\Users\cesar\source\repos\CISP400_SFML_Notes\Chapter13\code\Pickup.cpp(22,23): warning C4244: '=': conversion from 'const int' to 'float', possible loss of data
C:\Users\cesar\source\repos\CISP400_SFML_Notes\Chapter13\code\Pickup.cpp(44,29): warning C4244: 'argument': conversion from 'int' to 'float', possible loss of data
C:\Users\cesar\source\repos\CISP400_SFML_Notes\Chapter13\code\Pickup.cpp(44,26): warning C4244: 'argument': conversion from 'int' to 'float', possible loss of data
C:\Users\cesar\source\repos\CISP400_SFML_Notes\Chapter13\code\Pickup.cpp(96,40): warning C4244: '+=': conversion from 'double' to 'int', possible loss of data
C:\Users\cesar\source\repos\CISP400_SFML_Notes\Chapter13\code\Pickup.cpp(100,38): warning C4244: '+=': conversion from 'double' to 'int', possible loss of data
  Player.cpp
C:\Users\cesar\source\repos\CISP400_SFML_Notes\Chapter13\code\Player.cpp(6,16): warning C4244: '=': conversion from 'const float' to 'int', possible loss of data
C:\Users\cesar\source\repos\CISP400_SFML_Notes\Chapter13\code\Player.cpp(7,19): warning C4244: '=': conversion from 'const float' to 'int', possible loss of data
C:\Users\cesar\source\repos\CISP400_SFML_Notes\Chapter13\code\Player.cpp(22,32): warning C4244: '=': conversion from 'int' to 'T', possible loss of data
          with
          [
              T=float
          ]
C:\Users\cesar\source\repos\CISP400_SFML_Notes\Chapter13\code\Player.cpp(23,33): warning C4244: '=': conversion from 'int' to 'T', possible loss of data
          with
          [
              T=float
          ]
C:\Users\cesar\source\repos\CISP400_SFML_Notes\Chapter13\code\Player.cpp(40,16): warning C4244: '=': conversion from 'const float' to 'int', possible loss of data
C:\Users\cesar\source\repos\CISP400_SFML_Notes\Chapter13\code\Player.cpp(41,19): warning C4244: '=': conversion from 'const float' to 'int', possible loss of data
C:\Users\cesar\source\repos\CISP400_SFML_Notes\Chapter13\code\Player.cpp(139,38): warning C4244: '=': conversion from 'int' to 'T', possible loss of data
          with
          [
              T=float
          ]
C:\Users\cesar\source\repos\CISP400_SFML_Notes\Chapter13\code\Player.cpp(143,37): warning C4244: '=': conversion from 'int' to 'T', possible loss of data
          with
          [
              T=float
          ]
C:\Users\cesar\source\repos\CISP400_SFML_Notes\Chapter13\code\Player.cpp(147,39): warning C4244: '=': conversion from 'int' to 'T', possible loss of data
          with
          [
              T=float
          ]
C:\Users\cesar\source\repos\CISP400_SFML_Notes\Chapter13\code\Player.cpp(151,36): warning C4244: '=': conversion from 'int' to 'T', possible loss of data
          with
          [
              T=float
          ]
C:\Users\cesar\source\repos\CISP400_SFML_Notes\Chapter13\code\Player.cpp(154,17): warning C4244: 'initializing': conversion from 'double' to 'float', possible loss of data
C:\Users\cesar\source\repos\CISP400_SFML_Notes\Chapter13\code\Player.cpp(163,29): warning C4244: '+=': conversion from 'double' to 'float', possible loss of data
C:\Users\cesar\source\repos\CISP400_SFML_Notes\Chapter13\code\Player.cpp(168,34): warning C4244: '+=': conversion from 'double' to 'int', possible loss of data
  TextureHolder.cpp
  Zombie.cpp
C:\Users\cesar\source\repos\CISP400_SFML_Notes\Chapter13\code\Zombie.cpp(37,20): warning C4244: 'initializing': conversion from 'int' to 'float', possible loss of data
C:\Users\cesar\source\repos\CISP400_SFML_Notes\Chapter13\code\Zombie.cpp(109,17): warning C4244: 'initializing': conversion from 'double' to 'float', possible loss of data
  ZombieArena.cpp
C:\Users\cesar\source\repos\CISP400_SFML_Notes\Chapter13\code\ZombieArena.cpp(28,47): warning C4244: '=': conversion from 'unsigned int' to 'T', possible loss of data
          with
          [
              T=float
          ]
C:\Users\cesar\source\repos\CISP400_SFML_Notes\Chapter13\code\ZombieArena.cpp(29,47): warning C4244: '=': conversion from 'unsigned int' to 'T', possible loss of data
          with
          [
              T=float
          ]
C:\Users\cesar\source\repos\CISP400_SFML_Notes\Chapter13\code\ZombieArena.cpp(30,59): warning C4244: 'argument': conversion from 'T' to 'unsigned int', possible loss of data
          with
          [
              T=float
          ]
C:\Users\cesar\source\repos\CISP400_SFML_Notes\Chapter13\code\ZombieArena.cpp(30,45): warning C4244: 'argument': conversion from 'T' to 'unsigned int', possible loss of data
          with
          [
              T=float
          ]
C:\Users\cesar\source\repos\CISP400_SFML_Notes\Chapter13\code\ZombieArena.cpp(566,59): warning C4244: 'argument': conversion from 'int' to 'T', possible loss of data
          with
          [
              T=float
          ]
  Generating Code...
  zombieGame.vcxproj -> C:\Users\cesar\source\repos\CISP400_SFML_Notes\Chapter13\x64\Debug\zombieGame.exe
